{
  "RSpec": {
    "coverage": {
      "/Users/jimpublicover/Desktop/incubator_dash/app/helpers/application_helper.rb": [
        1,
        null
      ],
      "/Users/jimpublicover/Desktop/incubator_dash/app/helpers/assignments_helper.rb": [
        1,
        null
      ],
      "/Users/jimpublicover/Desktop/incubator_dash/app/helpers/dashboards_helper.rb": [
        1,
        null
      ],
      "/Users/jimpublicover/Desktop/incubator_dash/app/helpers/homeworks_helper.rb": [
        1,
        null
      ],
      "/Users/jimpublicover/Desktop/incubator_dash/app/helpers/password_resets_helper.rb": [
        1,
        null
      ],
      "/Users/jimpublicover/Desktop/incubator_dash/app/helpers/reminders_helper.rb": [
        1,
        null
      ],
      "/Users/jimpublicover/Desktop/incubator_dash/app/helpers/sessions_helper.rb": [
        1,
        null
      ],
      "/Users/jimpublicover/Desktop/incubator_dash/app/helpers/users_helper.rb": [
        1,
        null
      ],
      "/Users/jimpublicover/Desktop/incubator_dash/app/mailers/reset_mailer.rb": [
        1,
        null,
        null,
        null,
        null,
        null,
        null,
        1,
        5,
        5,
        null,
        5,
        null,
        null
      ],
      "/Users/jimpublicover/Desktop/incubator_dash/app/mailers/application_mailer.rb": [
        1,
        null,
        1,
        1,
        null
      ],
      "/Users/jimpublicover/Desktop/incubator_dash/app/mailers/student_mailer.rb": [
        1,
        null,
        null,
        null,
        null,
        null,
        null,
        1,
        4,
        null,
        4,
        null,
        null,
        1,
        0,
        null,
        0,
        null,
        null
      ],
      "/Users/jimpublicover/Desktop/incubator_dash/app/models/user.rb": [
        null,
        1,
        1,
        1,
        1,
        1,
        1,
        null,
        null,
        null,
        1,
        null,
        null,
        null,
        null,
        null,
        null,
        null,
        1,
        null,
        1,
        1,
        1,
        null,
        null,
        null,
        1,
        null,
        1,
        1,
        null,
        null,
        1,
        1,
        1,
        1,
        1,
        null,
        null
      ],
      "/Users/jimpublicover/Desktop/incubator_dash/app/models/application_record.rb": [
        1,
        1,
        null
      ],
      "/Users/jimpublicover/Desktop/incubator_dash/app/models/assignment.rb": [
        1,
        1,
        null,
        null,
        1,
        null,
        1,
        null,
        1,
        0,
        null,
        null,
        1,
        null,
        null,
        null,
        null,
        null,
        null,
        null,
        null,
        null,
        null,
        null,
        null,
        null,
        null,
        null,
        null,
        null,
        null,
        null,
        null,
        21,
        null,
        null,
        null,
        null,
        21,
        21,
        20,
        null,
        1,
        null,
        null,
        null,
        1,
        1,
        1,
        null,
        null,
        null
      ],
      "/Users/jimpublicover/Desktop/incubator_dash/app/models/homework.rb": [
        1,
        1,
        1,
        1,
        1,
        1,
        null,
        null,
        null,
        null,
        null,
        null,
        null,
        null,
        null,
        null,
        null,
        null,
        null,
        null,
        null
      ],
      "/Users/jimpublicover/Desktop/incubator_dash/app/controllers/dashboards_controller.rb": [
        1,
        1,
        null,
        1,
        null,
        null,
        null
      ],
      "/Users/jimpublicover/Desktop/incubator_dash/app/controllers/application_controller.rb": [
        1,
        1,
        1,
        null,
        1,
        148,
        null,
        null,
        1,
        0,
        null,
        null,
        1,
        0,
        null,
        null,
        1,
        null,
        1,
        null,
        null,
        null,
        null,
        null,
        228,
        null,
        null,
        null
      ],
      "/Users/jimpublicover/Desktop/incubator_dash/app/controllers/sessions_controller.rb": [
        1,
        1,
        null,
        1,
        null,
        null,
        null,
        1,
        null,
        null,
        37,
        37,
        33,
        33,
        33,
        33,
        null,
        33,
        null,
        4,
        4,
        null,
        null,
        null,
        1,
        null,
        0,
        0,
        0,
        0,
        0,
        null,
        null,
        1,
        null,
        1,
        80,
        null,
        null,
        null
      ],
      "/Users/jimpublicover/Desktop/incubator_dash/app/controllers/assignments_controller.rb": [
        null,
        1,
        1,
        null,
        null,
        1,
        null,
        null,
        1,
        null,
        null,
        null,
        null,
        null,
        null,
        null,
        null,
        null,
        13,
        null,
        null,
        null,
        null,
        null,
        null,
        null,
        null,
        null,
        null,
        1,
        9,
        null,
        null,
        null,
        null,
        null,
        null,
        null,
        null,
        9,
        null,
        null,
        null,
        null,
        null,
        null,
        null,
        1,
        1,
        null,
        null,
        1,
        0,
        null,
        null,
        1,
        0,
        null,
        0,
        0,
        0,
        null,
        0,
        null,
        null,
        0,
        null,
        null,
        null,
        1,
        0,
        null,
        0,
        0,
        null,
        0,
        null,
        null,
        null,
        1,
        0,
        0,
        null,
        0,
        null,
        null,
        1,
        0,
        null,
        null,
        1,
        0,
        null,
        null,
        1,
        1,
        1,
        null,
        null,
        1,
        null,
        1,
        9,
        null,
        null,
        null,
        null,
        null,
        null,
        1,
        0,
        null,
        null,
        null
      ],
      "/Users/jimpublicover/Desktop/incubator_dash/app/controllers/homeworks_controller.rb": [
        1,
        null,
        null,
        null,
        1,
        null,
        1,
        null,
        1,
        null,
        null,
        null,
        null,
        null,
        1,
        9,
        null,
        null,
        1,
        1,
        null,
        null,
        1,
        0,
        null,
        null,
        1,
        0,
        null,
        0,
        0,
        null,
        0,
        null,
        null,
        null,
        1,
        9,
        null,
        9,
        9,
        null,
        0,
        null,
        null,
        null,
        1,
        0,
        0,
        null,
        0,
        0,
        null,
        0,
        null,
        null,
        null,
        1,
        null,
        1,
        0,
        null,
        null,
        null,
        null,
        null,
        null,
        1,
        9,
        null,
        null
      ],
      "/Users/jimpublicover/Desktop/incubator_dash/app/controllers/users_controller.rb": [
        1,
        1,
        null,
        null,
        1,
        null,
        1,
        3,
        3,
        3,
        3,
        null,
        0,
        null,
        null,
        null,
        1,
        10,
        null,
        null,
        1,
        1,
        null,
        null,
        1,
        1,
        null,
        null,
        1,
        0,
        null,
        0,
        0,
        null,
        0,
        null,
        null,
        null,
        1,
        3,
        null,
        3,
        3,
        null,
        0,
        null,
        null,
        null,
        1,
        0,
        0,
        0,
        null,
        null,
        1,
        3,
        null,
        null,
        1,
        1,
        1,
        null,
        null,
        1,
        null,
        1,
        14,
        null,
        null,
        1,
        3,
        null,
        null
      ],
      "/Users/jimpublicover/Desktop/incubator_dash/app/controllers/password_resets_controller.rb": [
        1,
        1,
        null,
        1,
        null,
        null,
        1,
        2,
        null,
        null,
        1,
        1,
        1,
        1,
        null,
        null,
        1,
        null,
        null,
        4,
        4,
        0,
        4,
        2,
        null,
        2,
        null,
        null,
        null,
        1,
        null,
        1,
        4,
        null,
        null,
        1,
        10,
        null,
        null,
        null
      ],
      "/Users/jimpublicover/Desktop/incubator_dash/app/channels/application_cable/channel.rb": [
        0,
        0,
        0,
        0
      ],
      "/Users/jimpublicover/Desktop/incubator_dash/app/channels/application_cable/connection.rb": [
        0,
        0,
        0,
        0
      ],
      "/Users/jimpublicover/Desktop/incubator_dash/app/controllers/reminders_controller.rb": [
        0,
        null,
        0,
        0,
        null,
        0,
        0,
        0,
        0
      ],
      "/Users/jimpublicover/Desktop/incubator_dash/app/jobs/application_job.rb": [
        0,
        0
      ],
      "/Users/jimpublicover/Desktop/incubator_dash/app/jobs/make_reminder_job.rb": [
        0,
        0,
        null,
        0,
        null,
        null,
        null,
        null,
        0,
        0,
        0
      ]
    },
    "timestamp": 1510144948
  }
}
